c:\users\jack\documents\visual studio 2015\projects\sdlgame\gameengine\debug\gameengine.pdb
c:\users\jack\documents\visual studio 2015\projects\sdlgame\gameengine\debug\gameengine.idb
c:\users\jack\documents\visual studio 2015\projects\sdlgame\gameengine\debug\errors.obj
c:\users\jack\documents\visual studio 2015\projects\sdlgame\gameengine\debug\gameengine.obj
c:\users\jack\documents\visual studio 2015\projects\sdlgame\gameengine\debug\glslprogram.obj
c:\users\jack\documents\visual studio 2015\projects\sdlgame\gameengine\debug\imageloader.obj
c:\users\jack\documents\visual studio 2015\projects\sdlgame\gameengine\debug\iomanager.obj
c:\users\jack\documents\visual studio 2015\projects\sdlgame\gameengine\debug\picopng.obj
c:\users\jack\documents\visual studio 2015\projects\sdlgame\gameengine\debug\resourcemanager.obj
c:\users\jack\documents\visual studio 2015\projects\sdlgame\gameengine\debug\sprite.obj
c:\users\jack\documents\visual studio 2015\projects\sdlgame\gameengine\debug\texturecache.obj
c:\users\jack\documents\visual studio 2015\projects\sdlgame\gameengine\debug\window.obj
c:\users\jack\documents\visual studio 2015\projects\sdlgame\gameengine\debug\camera2d.obj
c:\users\jack\documents\visual studio 2015\projects\sdlgame\debug\gameengine.lib
c:\users\jack\documents\visual studio 2015\projects\sdlgame\debug\gameengine.pdb
c:\users\jack\documents\visual studio 2015\projects\sdlgame\gameengine\debug\gameengine.tlog\cl.command.1.tlog
c:\users\jack\documents\visual studio 2015\projects\sdlgame\gameengine\debug\gameengine.tlog\cl.read.1.tlog
c:\users\jack\documents\visual studio 2015\projects\sdlgame\gameengine\debug\gameengine.tlog\cl.write.1.tlog
c:\users\jack\documents\visual studio 2015\projects\sdlgame\gameengine\debug\gameengine.tlog\lib-link.read.1.tlog
c:\users\jack\documents\visual studio 2015\projects\sdlgame\gameengine\debug\gameengine.tlog\lib-link.write.1.tlog
c:\users\jack\documents\visual studio 2015\projects\sdlgame\gameengine\debug\gameengine.tlog\lib.command.1.tlog
