  EnemyDrone.cpp
EnemyDrone.cpp(41): warning C4305: '-=': truncation from 'double' to 'float'
EnemyDrone.cpp(44): warning C4305: '+=': truncation from 'double' to 'float'
EnemyDrone.cpp(54): warning C4244: '=': conversion from 'double' to 'float', possible loss of data
EnemyDrone.cpp(64): warning C4244: '=': conversion from 'double' to 'float', possible loss of data
  EnemyDroneCollection.cpp
EnemyDroneCollection.cpp(23): warning C4018: '<': signed/unsigned mismatch
EnemyDroneCollection.cpp(40): warning C4244: 'argument': conversion from 'float' to 'int', possible loss of data
EnemyDroneCollection.cpp(49): warning C4018: '<': signed/unsigned mismatch
EnemyDroneCollection.cpp(58): warning C4018: '<': signed/unsigned mismatch
EnemyDroneCollection.cpp(80): warning C4018: '<': signed/unsigned mismatch
  EnemyWalker.cpp
EnemyWalker.cpp(14): warning C4305: '=': truncation from 'double' to 'float'
EnemyWalker.cpp(100): warning C4244: 'argument': conversion from 'float' to 'int', possible loss of data
  EnemyWalkerCollection.cpp
EnemyWalkerCollection.cpp(23): warning C4018: '<': signed/unsigned mismatch
EnemyWalkerCollection.cpp(49): warning C4018: '<': signed/unsigned mismatch
EnemyWalkerCollection.cpp(58): warning C4018: '<': signed/unsigned mismatch
EnemyWalkerCollection.cpp(80): warning C4018: '<': signed/unsigned mismatch
  Explosion.cpp
Explosion.cpp(29): warning C4305: '-=': truncation from 'double' to 'float'
Explosion.cpp(33): warning C4305: '*=': truncation from 'double' to 'float'
Explosion.cpp(53): warning C4305: '-=': truncation from 'double' to 'float'
Explosion.cpp(57): warning C4305: '*=': truncation from 'double' to 'float'
  Flare.cpp
Flare.cpp(8): warning C4305: '-=': truncation from 'double' to 'float'
Flare.cpp(12): warning C4305: '*=': truncation from 'double' to 'float'
Flare.cpp(38): warning C4305: '-=': truncation from 'double' to 'float'
Flare.cpp(42): warning C4305: '*=': truncation from 'double' to 'float'
  GlowStick.cpp
GlowStick.cpp(7): warning C4305: '-=': truncation from 'double' to 'float'
GlowStick.cpp(11): warning C4305: '*=': truncation from 'double' to 'float'
  Inventory.cpp
Inventory.cpp(85): warning C4244: 'argument': conversion from 'double' to 'float', possible loss of data
Inventory.cpp(91): warning C4244: 'argument': conversion from 'float' to 'int', possible loss of data
Inventory.cpp(97): warning C4244: 'argument': conversion from 'float' to 'int', possible loss of data
Inventory.cpp(100): warning C4244: 'argument': conversion from 'float' to 'int', possible loss of data
Inventory.cpp(108): warning C4244: 'argument': conversion from 'float' to 'int', possible loss of data
Inventory.cpp(109): warning C4244: 'argument': conversion from 'float' to 'int', possible loss of data
Inventory.cpp(110): warning C4244: 'argument': conversion from 'float' to 'int', possible loss of data
Inventory.cpp(111): warning C4244: 'argument': conversion from 'float' to 'int', possible loss of data
  InventoryItem.cpp
  LightCollection.cpp
LightCollection.cpp(17): warning C4018: '<': signed/unsigned mismatch
LightCollection.cpp(38): warning C4018: '<': signed/unsigned mismatch
LightCollection.cpp(58): warning C4018: '<': signed/unsigned mismatch
LightCollection.cpp(102): warning C4018: '<': signed/unsigned mismatch
LightCollection.cpp(132): warning C4018: '<': signed/unsigned mismatch
LightCollection.cpp(134): warning C4244: '=': conversion from 'double' to 'float', possible loss of data
  main.cpp
  MainGame.cpp
MainGame.cpp(50): warning C4305: 'argument': truncation from 'double' to 'float'
MainGame.cpp(110): warning C4305: '+=': truncation from 'double' to 'float'
MainGame.cpp(206): warning C4244: 'argument': conversion from 'Sint32' to 'float', possible loss of data
MainGame.cpp(282): warning C4305: 'argument': truncation from 'double' to 'GLfloat'
MainGame.cpp(320): warning C4305: 'argument': truncation from 'double' to 'float'
MainGame.cpp(321): warning C4305: 'argument': truncation from 'double' to 'float'
MainGame.cpp(353): warning C4018: '<': signed/unsigned mismatch
  Platform.cpp
  PlatformCollection.cpp
PlatformCollection.cpp(11): warning C4018: '<': signed/unsigned mismatch
  Player.cpp
Player.cpp(69): warning C4305: '=': truncation from 'double' to 'float'
Player.cpp(73): warning C4305: '=': truncation from 'double' to 'float'
Player.cpp(104): warning C4305: '*=': truncation from 'double' to 'float'
Player.cpp(173): warning C4305: '+=': truncation from 'double' to 'float'
Player.cpp(175): warning C4244: 'initializing': conversion from 'double' to 'float', possible loss of data
Player.cpp(188): warning C4244: 'initializing': conversion from 'double' to 'float', possible loss of data
Player.cpp(191): warning C4244: 'argument': conversion from 'double' to 'float', possible loss of data
Player.cpp(195): warning C4305: 'argument': truncation from 'double' to 'float'
Player.cpp(200): warning C4244: 'initializing': conversion from 'double' to 'float', possible loss of data
Player.cpp(203): warning C4244: 'argument': conversion from 'double' to 'float', possible loss of data
Player.cpp(207): warning C4305: 'argument': truncation from 'double' to 'float'
  Projectile.cpp
  ProjectileCollection.cpp
ProjectileCollection.cpp(25): warning C4018: '<': signed/unsigned mismatch
ProjectileCollection.cpp(32): warning C4018: '<': signed/unsigned mismatch
  WorldItem.cpp
  WorldItemCollection.cpp
WorldItemCollection.cpp(148): warning C4018: '<': signed/unsigned mismatch
WorldItemCollection.cpp(154): warning C4244: 'argument': conversion from 'double' to 'float', possible loss of data
WorldItemCollection.cpp(158): warning C4244: 'argument': conversion from 'double' to 'float', possible loss of data
WorldItemCollection.cpp(170): warning C4018: '<': signed/unsigned mismatch
WorldItemCollection.cpp(180): warning C4018: '<': signed/unsigned mismatch
GameEngine.lib(SpriteSheet.obj) : warning LNK4075: ignoring '/EDITANDCONTINUE' due to '/OPT:ICF' specification
  Generating code
  All 998 functions were compiled because no usable IPDB/IOBJ from previous compilation was found.
  Finished generating code
  SDLgame.vcxproj -> C:\Users\jack\Documents\GitHub\SDLgame\Release\SDLgame.exe
  SDLgame.vcxproj -> C:\Users\jack\Documents\GitHub\SDLgame\Release\SDLgame.pdb (Full PDB)
