  Player.cpp
Player.cpp(70): warning C4305: '=': truncation from 'double' to 'float'
Player.cpp(74): warning C4305: '=': truncation from 'double' to 'float'
Player.cpp(79): warning C4305: '=': truncation from 'double' to 'float'
Player.cpp(110): warning C4305: '*=': truncation from 'double' to 'float'
Player.cpp(187): warning C4305: '+=': truncation from 'double' to 'float'
Player.cpp(189): warning C4244: 'initializing': conversion from 'double' to 'float', possible loss of data
Player.cpp(218): warning C4244: 'initializing': conversion from 'double' to 'float', possible loss of data
Player.cpp(221): warning C4244: 'argument': conversion from 'double' to 'float', possible loss of data
Player.cpp(225): warning C4305: 'argument': truncation from 'double' to 'float'
Player.cpp(230): warning C4244: 'initializing': conversion from 'double' to 'float', possible loss of data
Player.cpp(233): warning C4244: 'argument': conversion from 'double' to 'float', possible loss of data
Player.cpp(237): warning C4305: 'argument': truncation from 'double' to 'float'
Player.cpp(306): warning C4244: 'argument': conversion from 'double' to 'float', possible loss of data
GameEngine.lib(SpriteSheet.obj) : warning LNK4075: ignoring '/EDITANDCONTINUE' due to '/OPT:ICF' specification
  Generating code
  2 of 1000 functions ( 0.2%) were compiled, the rest were copied from previous compilation.
    0 functions were new in current compilation
    8 functions had inline decision re-evaluated but remain unchanged
  Finished generating code
  SDLgame.vcxproj -> C:\Users\jack\Documents\GitHub\SDLgame\Release\SDLgame.exe
  SDLgame.vcxproj -> C:\Users\jack\Documents\GitHub\SDLgame\Release\SDLgame.pdb (Full PDB)
