c:\users\jack\documents\github\sdlgame\sdlgame\debug\vc140.pdb
c:\users\jack\documents\github\sdlgame\sdlgame\debug\vc140.idb
c:\users\jack\documents\github\sdlgame\sdlgame\debug\worlditemcollection.obj
c:\users\jack\documents\github\sdlgame\sdlgame\debug\flare.obj
c:\users\jack\documents\github\sdlgame\sdlgame\debug\worlditem.obj
c:\users\jack\documents\github\sdlgame\sdlgame\debug\player.obj
c:\users\jack\documents\github\sdlgame\sdlgame\debug\lightcollection.obj
c:\users\jack\documents\github\sdlgame\sdlgame\debug\platform.obj
c:\users\jack\documents\github\sdlgame\sdlgame\debug\inventory.obj
c:\users\jack\documents\github\sdlgame\sdlgame\debug\glowstick.obj
c:\users\jack\documents\github\sdlgame\sdlgame\debug\main.obj
c:\users\jack\documents\github\sdlgame\sdlgame\debug\maingame.obj
c:\users\jack\documents\github\sdlgame\sdlgame\debug\platformcollection.obj
c:\users\jack\documents\github\sdlgame\sdlgame\debug\explosion.obj
c:\users\jack\documents\github\sdlgame\sdlgame\debug\enemydrone.obj
c:\users\jack\documents\github\sdlgame\sdlgame\debug\enemydronecollection.obj
c:\users\jack\documents\github\sdlgame\sdlgame\debug\projectile.obj
c:\users\jack\documents\github\sdlgame\sdlgame\debug\projectilecollection.obj
c:\users\jack\documents\github\sdlgame\sdlgame\debug\inventoryitem.obj
c:\users\jack\documents\github\sdlgame\sdlgame\debug\maingame.obj.enc
c:\users\jack\documents\github\sdlgame\debug\sdlgame.pdb
c:\users\jack\documents\github\sdlgame\debug\sdlgame.exe
c:\users\jack\documents\github\sdlgame\debug\sdlgame.ilk
c:\users\jack\documents\github\sdlgame\sdlgame\debug\sdlgame.tlog\cl.command.1.tlog
c:\users\jack\documents\github\sdlgame\sdlgame\debug\sdlgame.tlog\cl.read.1.tlog
c:\users\jack\documents\github\sdlgame\sdlgame\debug\sdlgame.tlog\cl.write.1.tlog
c:\users\jack\documents\github\sdlgame\sdlgame\debug\sdlgame.tlog\link.command.1.tlog
c:\users\jack\documents\github\sdlgame\sdlgame\debug\sdlgame.tlog\link.read.1.tlog
c:\users\jack\documents\github\sdlgame\sdlgame\debug\sdlgame.tlog\link.write.1.tlog
