  WorldItemCollection.cpp
c:\users\jack\documents\github\sdlgame\sdlgame\worlditemcollection.cpp(148): warning C4018: '<': signed/unsigned mismatch
c:\users\jack\documents\github\sdlgame\sdlgame\worlditemcollection.cpp(154): warning C4244: 'argument': conversion from 'double' to 'float', possible loss of data
c:\users\jack\documents\github\sdlgame\sdlgame\worlditemcollection.cpp(158): warning C4244: 'argument': conversion from 'double' to 'float', possible loss of data
c:\users\jack\documents\github\sdlgame\sdlgame\worlditemcollection.cpp(170): warning C4018: '<': signed/unsigned mismatch
c:\users\jack\documents\github\sdlgame\sdlgame\worlditemcollection.cpp(180): warning C4018: '<': signed/unsigned mismatch
  WorldItem.cpp
  ProjectileCollection.cpp
c:\users\jack\documents\github\sdlgame\sdlgame\projectilecollection.cpp(25): warning C4018: '<': signed/unsigned mismatch
c:\users\jack\documents\github\sdlgame\sdlgame\projectilecollection.cpp(32): warning C4018: '<': signed/unsigned mismatch
  Projectile.cpp
  Player.cpp
c:\users\jack\documents\github\sdlgame\sdlgame\player.cpp(70): warning C4305: '=': truncation from 'double' to 'float'
c:\users\jack\documents\github\sdlgame\sdlgame\player.cpp(74): warning C4305: '=': truncation from 'double' to 'float'
c:\users\jack\documents\github\sdlgame\sdlgame\player.cpp(79): warning C4305: '=': truncation from 'double' to 'float'
c:\users\jack\documents\github\sdlgame\sdlgame\player.cpp(110): warning C4305: '*=': truncation from 'double' to 'float'
c:\users\jack\documents\github\sdlgame\sdlgame\player.cpp(187): warning C4305: '+=': truncation from 'double' to 'float'
c:\users\jack\documents\github\sdlgame\sdlgame\player.cpp(189): warning C4244: 'initializing': conversion from 'double' to 'float', possible loss of data
c:\users\jack\documents\github\sdlgame\sdlgame\player.cpp(218): warning C4244: 'initializing': conversion from 'double' to 'float', possible loss of data
c:\users\jack\documents\github\sdlgame\sdlgame\player.cpp(221): warning C4244: 'argument': conversion from 'double' to 'float', possible loss of data
c:\users\jack\documents\github\sdlgame\sdlgame\player.cpp(225): warning C4305: 'argument': truncation from 'double' to 'float'
c:\users\jack\documents\github\sdlgame\sdlgame\player.cpp(230): warning C4244: 'initializing': conversion from 'double' to 'float', possible loss of data
c:\users\jack\documents\github\sdlgame\sdlgame\player.cpp(233): warning C4244: 'argument': conversion from 'double' to 'float', possible loss of data
c:\users\jack\documents\github\sdlgame\sdlgame\player.cpp(237): warning C4305: 'argument': truncation from 'double' to 'float'
c:\users\jack\documents\github\sdlgame\sdlgame\player.cpp(306): warning C4244: 'argument': conversion from 'double' to 'float', possible loss of data
  PlatformCollection.cpp
c:\users\jack\documents\github\sdlgame\sdlgame\platformcollection.cpp(11): warning C4018: '<': signed/unsigned mismatch
  Platform.cpp
  MainGame.cpp
c:\users\jack\documents\github\sdlgame\sdlgame\maingame.cpp(50): warning C4305: 'argument': truncation from 'double' to 'float'
c:\users\jack\documents\github\sdlgame\sdlgame\maingame.cpp(109): warning C4305: '+=': truncation from 'double' to 'float'
c:\users\jack\documents\github\sdlgame\sdlgame\maingame.cpp(214): warning C4244: 'argument': conversion from 'Sint32' to 'float', possible loss of data
c:\users\jack\documents\github\sdlgame\sdlgame\maingame.cpp(297): warning C4305: 'argument': truncation from 'double' to 'GLfloat'
c:\users\jack\documents\github\sdlgame\sdlgame\maingame.cpp(335): warning C4305: 'argument': truncation from 'double' to 'float'
c:\users\jack\documents\github\sdlgame\sdlgame\maingame.cpp(336): warning C4305: 'argument': truncation from 'double' to 'float'
c:\users\jack\documents\github\sdlgame\sdlgame\maingame.cpp(368): warning C4018: '<': signed/unsigned mismatch
  main.cpp
  LightCollection.cpp
c:\users\jack\documents\github\sdlgame\sdlgame\lightcollection.cpp(18): warning C4018: '<': signed/unsigned mismatch
c:\users\jack\documents\github\sdlgame\sdlgame\lightcollection.cpp(39): warning C4018: '<': signed/unsigned mismatch
c:\users\jack\documents\github\sdlgame\sdlgame\lightcollection.cpp(59): warning C4018: '<': signed/unsigned mismatch
c:\users\jack\documents\github\sdlgame\sdlgame\lightcollection.cpp(103): warning C4018: '<': signed/unsigned mismatch
c:\users\jack\documents\github\sdlgame\sdlgame\lightcollection.cpp(133): warning C4018: '<': signed/unsigned mismatch
c:\users\jack\documents\github\sdlgame\sdlgame\lightcollection.cpp(135): warning C4244: '=': conversion from 'double' to 'float', possible loss of data
  InventoryItem.cpp
  Inventory.cpp
c:\users\jack\documents\github\sdlgame\sdlgame\inventory.cpp(85): warning C4244: 'argument': conversion from 'double' to 'float', possible loss of data
c:\users\jack\documents\github\sdlgame\sdlgame\inventory.cpp(91): warning C4244: 'argument': conversion from 'float' to 'int', possible loss of data
c:\users\jack\documents\github\sdlgame\sdlgame\inventory.cpp(97): warning C4244: 'argument': conversion from 'float' to 'int', possible loss of data
c:\users\jack\documents\github\sdlgame\sdlgame\inventory.cpp(100): warning C4244: 'argument': conversion from 'float' to 'int', possible loss of data
c:\users\jack\documents\github\sdlgame\sdlgame\inventory.cpp(108): warning C4244: 'argument': conversion from 'float' to 'int', possible loss of data
c:\users\jack\documents\github\sdlgame\sdlgame\inventory.cpp(109): warning C4244: 'argument': conversion from 'float' to 'int', possible loss of data
c:\users\jack\documents\github\sdlgame\sdlgame\inventory.cpp(110): warning C4244: 'argument': conversion from 'float' to 'int', possible loss of data
c:\users\jack\documents\github\sdlgame\sdlgame\inventory.cpp(111): warning C4244: 'argument': conversion from 'float' to 'int', possible loss of data
  GlowStick.cpp
c:\users\jack\documents\github\sdlgame\sdlgame\glowstick.cpp(7): warning C4305: '-=': truncation from 'double' to 'float'
c:\users\jack\documents\github\sdlgame\sdlgame\glowstick.cpp(11): warning C4305: '*=': truncation from 'double' to 'float'
  Flare.cpp
c:\users\jack\documents\github\sdlgame\sdlgame\flare.cpp(8): warning C4305: '-=': truncation from 'double' to 'float'
c:\users\jack\documents\github\sdlgame\sdlgame\flare.cpp(12): warning C4305: '*=': truncation from 'double' to 'float'
c:\users\jack\documents\github\sdlgame\sdlgame\flare.cpp(38): warning C4305: '-=': truncation from 'double' to 'float'
c:\users\jack\documents\github\sdlgame\sdlgame\flare.cpp(42): warning C4305: '*=': truncation from 'double' to 'float'
  Explosion.cpp
c:\users\jack\documents\github\sdlgame\sdlgame\explosion.cpp(29): warning C4305: '-=': truncation from 'double' to 'float'
c:\users\jack\documents\github\sdlgame\sdlgame\explosion.cpp(33): warning C4305: '*=': truncation from 'double' to 'float'
c:\users\jack\documents\github\sdlgame\sdlgame\explosion.cpp(53): warning C4305: '-=': truncation from 'double' to 'float'
c:\users\jack\documents\github\sdlgame\sdlgame\explosion.cpp(57): warning C4305: '*=': truncation from 'double' to 'float'
  EnemyWalkerCollection.cpp
c:\users\jack\documents\github\sdlgame\sdlgame\enemywalkercollection.cpp(23): warning C4018: '<': signed/unsigned mismatch
c:\users\jack\documents\github\sdlgame\sdlgame\enemywalkercollection.cpp(49): warning C4018: '<': signed/unsigned mismatch
c:\users\jack\documents\github\sdlgame\sdlgame\enemywalkercollection.cpp(58): warning C4018: '<': signed/unsigned mismatch
c:\users\jack\documents\github\sdlgame\sdlgame\enemywalkercollection.cpp(80): warning C4018: '<': signed/unsigned mismatch
  EnemyWalker.cpp
c:\users\jack\documents\github\sdlgame\sdlgame\enemywalker.cpp(14): warning C4305: '=': truncation from 'double' to 'float'
c:\users\jack\documents\github\sdlgame\sdlgame\enemywalker.cpp(100): warning C4244: 'argument': conversion from 'float' to 'int', possible loss of data
  EnemyDroneCollection.cpp
c:\users\jack\documents\github\sdlgame\sdlgame\enemydronecollection.cpp(23): warning C4018: '<': signed/unsigned mismatch
c:\users\jack\documents\github\sdlgame\sdlgame\enemydronecollection.cpp(40): warning C4244: 'argument': conversion from 'float' to 'int', possible loss of data
c:\users\jack\documents\github\sdlgame\sdlgame\enemydronecollection.cpp(49): warning C4018: '<': signed/unsigned mismatch
c:\users\jack\documents\github\sdlgame\sdlgame\enemydronecollection.cpp(58): warning C4018: '<': signed/unsigned mismatch
c:\users\jack\documents\github\sdlgame\sdlgame\enemydronecollection.cpp(80): warning C4018: '<': signed/unsigned mismatch
  EnemyDrone.cpp
c:\users\jack\documents\github\sdlgame\sdlgame\enemydrone.cpp(41): warning C4305: '-=': truncation from 'double' to 'float'
c:\users\jack\documents\github\sdlgame\sdlgame\enemydrone.cpp(44): warning C4305: '+=': truncation from 'double' to 'float'
c:\users\jack\documents\github\sdlgame\sdlgame\enemydrone.cpp(54): warning C4244: '=': conversion from 'double' to 'float', possible loss of data
c:\users\jack\documents\github\sdlgame\sdlgame\enemydrone.cpp(64): warning C4244: '=': conversion from 'double' to 'float', possible loss of data
  Generating Code...
GameEngine.lib(SpriteSheet.obj) : error LNK2038: mismatch detected for '_ITERATOR_DEBUG_LEVEL': value '2' doesn't match value '0' in EnemyDrone.obj
GameEngine.lib(SpriteSheet.obj) : error LNK2038: mismatch detected for 'RuntimeLibrary': value 'MDd_DynamicDebug' doesn't match value 'MD_DynamicRelease' in EnemyDrone.obj
GameEngine.lib(CollisionDetection.obj) : error LNK2038: mismatch detected for '_ITERATOR_DEBUG_LEVEL': value '2' doesn't match value '0' in EnemyDrone.obj
GameEngine.lib(CollisionDetection.obj) : error LNK2038: mismatch detected for 'RuntimeLibrary': value 'MDd_DynamicDebug' doesn't match value 'MD_DynamicRelease' in EnemyDrone.obj
GameEngine.lib(GameEngine.obj) : error LNK2038: mismatch detected for '_ITERATOR_DEBUG_LEVEL': value '2' doesn't match value '0' in EnemyDrone.obj
GameEngine.lib(GameEngine.obj) : error LNK2038: mismatch detected for 'RuntimeLibrary': value 'MDd_DynamicDebug' doesn't match value 'MD_DynamicRelease' in EnemyDrone.obj
GameEngine.lib(ResourceManager.obj) : error LNK2038: mismatch detected for '_ITERATOR_DEBUG_LEVEL': value '2' doesn't match value '0' in EnemyDrone.obj
GameEngine.lib(ResourceManager.obj) : error LNK2038: mismatch detected for 'RuntimeLibrary': value 'MDd_DynamicDebug' doesn't match value 'MD_DynamicRelease' in EnemyDrone.obj
GameEngine.lib(SpriteBatch.obj) : error LNK2038: mismatch detected for '_ITERATOR_DEBUG_LEVEL': value '2' doesn't match value '0' in EnemyDrone.obj
GameEngine.lib(SpriteBatch.obj) : error LNK2038: mismatch detected for 'RuntimeLibrary': value 'MDd_DynamicDebug' doesn't match value 'MD_DynamicRelease' in EnemyDrone.obj
GameEngine.lib(DrawText.obj) : error LNK2038: mismatch detected for '_ITERATOR_DEBUG_LEVEL': value '2' doesn't match value '0' in EnemyDrone.obj
GameEngine.lib(DrawText.obj) : error LNK2038: mismatch detected for 'RuntimeLibrary': value 'MDd_DynamicDebug' doesn't match value 'MD_DynamicRelease' in EnemyDrone.obj
GameEngine.lib(GLSLProgram.obj) : error LNK2038: mismatch detected for '_ITERATOR_DEBUG_LEVEL': value '2' doesn't match value '0' in EnemyDrone.obj
GameEngine.lib(GLSLProgram.obj) : error LNK2038: mismatch detected for 'RuntimeLibrary': value 'MDd_DynamicDebug' doesn't match value 'MD_DynamicRelease' in EnemyDrone.obj
GameEngine.lib(Window.obj) : error LNK2038: mismatch detected for '_ITERATOR_DEBUG_LEVEL': value '2' doesn't match value '0' in EnemyDrone.obj
GameEngine.lib(Window.obj) : error LNK2038: mismatch detected for 'RuntimeLibrary': value 'MDd_DynamicDebug' doesn't match value 'MD_DynamicRelease' in EnemyDrone.obj
GameEngine.lib(InputManager.obj) : error LNK2038: mismatch detected for '_ITERATOR_DEBUG_LEVEL': value '2' doesn't match value '0' in EnemyDrone.obj
GameEngine.lib(InputManager.obj) : error LNK2038: mismatch detected for 'RuntimeLibrary': value 'MDd_DynamicDebug' doesn't match value 'MD_DynamicRelease' in EnemyDrone.obj
GameEngine.lib(Camera2D.obj) : error LNK2038: mismatch detected for '_ITERATOR_DEBUG_LEVEL': value '2' doesn't match value '0' in EnemyDrone.obj
GameEngine.lib(Camera2D.obj) : error LNK2038: mismatch detected for 'RuntimeLibrary': value 'MDd_DynamicDebug' doesn't match value 'MD_DynamicRelease' in EnemyDrone.obj
GameEngine.lib(TextureCache.obj) : error LNK2038: mismatch detected for '_ITERATOR_DEBUG_LEVEL': value '2' doesn't match value '0' in EnemyDrone.obj
GameEngine.lib(TextureCache.obj) : error LNK2038: mismatch detected for 'RuntimeLibrary': value 'MDd_DynamicDebug' doesn't match value 'MD_DynamicRelease' in EnemyDrone.obj
GameEngine.lib(Errors.obj) : error LNK2038: mismatch detected for '_ITERATOR_DEBUG_LEVEL': value '2' doesn't match value '0' in EnemyDrone.obj
GameEngine.lib(Errors.obj) : error LNK2038: mismatch detected for 'RuntimeLibrary': value 'MDd_DynamicDebug' doesn't match value 'MD_DynamicRelease' in EnemyDrone.obj
GameEngine.lib(ImageLoader.obj) : error LNK2038: mismatch detected for '_ITERATOR_DEBUG_LEVEL': value '2' doesn't match value '0' in EnemyDrone.obj
GameEngine.lib(ImageLoader.obj) : error LNK2038: mismatch detected for 'RuntimeLibrary': value 'MDd_DynamicDebug' doesn't match value 'MD_DynamicRelease' in EnemyDrone.obj
GameEngine.lib(picoPNG.obj) : error LNK2038: mismatch detected for '_ITERATOR_DEBUG_LEVEL': value '2' doesn't match value '0' in EnemyDrone.obj
GameEngine.lib(picoPNG.obj) : error LNK2038: mismatch detected for 'RuntimeLibrary': value 'MDd_DynamicDebug' doesn't match value 'MD_DynamicRelease' in EnemyDrone.obj
GameEngine.lib(IOManager.obj) : error LNK2038: mismatch detected for '_ITERATOR_DEBUG_LEVEL': value '2' doesn't match value '0' in EnemyDrone.obj
GameEngine.lib(IOManager.obj) : error LNK2038: mismatch detected for 'RuntimeLibrary': value 'MDd_DynamicDebug' doesn't match value 'MD_DynamicRelease' in EnemyDrone.obj
LINK : warning LNK4098: defaultlib 'MSVCRTD' conflicts with use of other libs; use /NODEFAULTLIB:library
GameEngine.lib(Errors.obj) : error LNK2019: unresolved external symbol __imp___invalid_parameter referenced in function "void __cdecl std::_Deallocate(void *,unsigned int,unsigned int)" (?_Deallocate@std@@YAXPAXII@Z)
GameEngine.lib(ImageLoader.obj) : error LNK2001: unresolved external symbol __imp___invalid_parameter
GameEngine.lib(picoPNG.obj) : error LNK2001: unresolved external symbol __imp___invalid_parameter
GameEngine.lib(IOManager.obj) : error LNK2001: unresolved external symbol __imp___invalid_parameter
GameEngine.lib(GLSLProgram.obj) : error LNK2001: unresolved external symbol __imp___invalid_parameter
GameEngine.lib(Window.obj) : error LNK2001: unresolved external symbol __imp___invalid_parameter
GameEngine.lib(InputManager.obj) : error LNK2001: unresolved external symbol __imp___invalid_parameter
GameEngine.lib(TextureCache.obj) : error LNK2001: unresolved external symbol __imp___invalid_parameter
GameEngine.lib(SpriteSheet.obj) : error LNK2001: unresolved external symbol __imp___invalid_parameter
GameEngine.lib(ResourceManager.obj) : error LNK2001: unresolved external symbol __imp___invalid_parameter
GameEngine.lib(SpriteBatch.obj) : error LNK2001: unresolved external symbol __imp___invalid_parameter
GameEngine.lib(DrawText.obj) : error LNK2001: unresolved external symbol __imp___invalid_parameter
GameEngine.lib(Errors.obj) : error LNK2001: unresolved external symbol __imp___CrtDbgReportW
GameEngine.lib(ImageLoader.obj) : error LNK2001: unresolved external symbol __imp___CrtDbgReportW
GameEngine.lib(picoPNG.obj) : error LNK2001: unresolved external symbol __imp___CrtDbgReportW
GameEngine.lib(IOManager.obj) : error LNK2001: unresolved external symbol __imp___CrtDbgReportW
GameEngine.lib(GLSLProgram.obj) : error LNK2001: unresolved external symbol __imp___CrtDbgReportW
GameEngine.lib(Window.obj) : error LNK2001: unresolved external symbol __imp___CrtDbgReportW
GameEngine.lib(InputManager.obj) : error LNK2001: unresolved external symbol __imp___CrtDbgReportW
GameEngine.lib(TextureCache.obj) : error LNK2001: unresolved external symbol __imp___CrtDbgReportW
GameEngine.lib(SpriteSheet.obj) : error LNK2001: unresolved external symbol __imp___CrtDbgReportW
GameEngine.lib(ResourceManager.obj) : error LNK2001: unresolved external symbol __imp___CrtDbgReportW
GameEngine.lib(SpriteBatch.obj) : error LNK2001: unresolved external symbol __imp___CrtDbgReportW
GameEngine.lib(DrawText.obj) : error LNK2001: unresolved external symbol __imp___CrtDbgReportW
C:\Users\Jack\Documents\GitHub\SDLgame\Debug\SDLgame.exe : fatal error LNK1120: 2 unresolved externals
