  SimplexNoise.cpp
  MainGame.cpp
c:\users\jack\documents\github\sdlgame\proceduralgeneration\grid.h(14): warning C4305: 'initializing': truncation from 'double' to 'float'
c:\users\jack\documents\github\sdlgame\proceduralgeneration\maingame.cpp(71): warning C4305: '+=': truncation from 'double' to 'float'
c:\users\jack\documents\github\sdlgame\proceduralgeneration\maingame.cpp(110): warning C4244: 'argument': conversion from 'Sint32' to 'float', possible loss of data
c:\users\jack\documents\github\sdlgame\proceduralgeneration\maingame.cpp(131): warning C4244: 'argument': conversion from 'float' to 'int', possible loss of data
  main.cpp
c:\users\jack\documents\github\sdlgame\proceduralgeneration\grid.h(14): warning C4305: 'initializing': truncation from 'double' to 'float'
  Grid.cpp
c:\users\jack\documents\github\sdlgame\proceduralgeneration\grid.h(14): warning C4305: 'initializing': truncation from 'double' to 'float'
c:\users\jack\documents\github\sdlgame\proceduralgeneration\grid.cpp(30): warning C4244: '+=': conversion from 'float' to 'GLubyte', possible loss of data
c:\users\jack\documents\github\sdlgame\proceduralgeneration\grid.cpp(31): warning C4244: '+=': conversion from 'float' to 'GLubyte', possible loss of data
c:\users\jack\documents\github\sdlgame\proceduralgeneration\grid.cpp(35): warning C4244: '=': conversion from 'double' to 'GLubyte', possible loss of data
c:\users\jack\documents\github\sdlgame\proceduralgeneration\grid.cpp(36): warning C4244: '=': conversion from 'double' to 'GLubyte', possible loss of data
c:\users\jack\documents\github\sdlgame\proceduralgeneration\grid.cpp(37): warning C4244: '=': conversion from 'double' to 'GLubyte', possible loss of data
c:\users\jack\documents\github\sdlgame\proceduralgeneration\grid.cpp(41): warning C4244: '=': conversion from 'double' to 'GLubyte', possible loss of data
c:\users\jack\documents\github\sdlgame\proceduralgeneration\grid.cpp(42): warning C4244: '=': conversion from 'double' to 'GLubyte', possible loss of data
c:\users\jack\documents\github\sdlgame\proceduralgeneration\grid.cpp(43): warning C4244: '=': conversion from 'double' to 'GLubyte', possible loss of data
c:\users\jack\documents\github\sdlgame\proceduralgeneration\grid.cpp(47): warning C4244: '=': conversion from 'double' to 'GLubyte', possible loss of data
c:\users\jack\documents\github\sdlgame\proceduralgeneration\grid.cpp(48): warning C4244: '=': conversion from 'double' to 'GLubyte', possible loss of data
c:\users\jack\documents\github\sdlgame\proceduralgeneration\grid.cpp(49): warning C4244: '=': conversion from 'double' to 'GLubyte', possible loss of data
c:\users\jack\documents\github\sdlgame\proceduralgeneration\grid.cpp(62): warning C4244: 'initializing': conversion from 'double' to 'int', possible loss of data
c:\users\jack\documents\github\sdlgame\proceduralgeneration\grid.cpp(63): warning C4244: 'initializing': conversion from 'double' to 'int', possible loss of data
c:\users\jack\documents\github\sdlgame\proceduralgeneration\grid.cpp(73): warning C4244: 'argument': conversion from 'int' to 'float', possible loss of data
c:\users\jack\documents\github\sdlgame\proceduralgeneration\grid.cpp(103): warning C4244: '=': conversion from 'double' to 'float', possible loss of data
  Generating Code...
LINK : fatal error LNK1104: cannot open file 'GameEngine.lib'
