c:\users\jack\documents\github\sdlgame\project1\release\vc140.pdb
c:\users\jack\documents\github\sdlgame\project1\release\worlditemcollection.obj
c:\users\jack\documents\github\sdlgame\project1\release\worlditem.obj
c:\users\jack\documents\github\sdlgame\project1\release\projectilecollection.obj
c:\users\jack\documents\github\sdlgame\project1\release\projectile.obj
c:\users\jack\documents\github\sdlgame\project1\release\player.obj
c:\users\jack\documents\github\sdlgame\project1\release\platformcollection.obj
c:\users\jack\documents\github\sdlgame\project1\release\platform.obj
c:\users\jack\documents\github\sdlgame\project1\release\maingame.obj
c:\users\jack\documents\github\sdlgame\project1\release\main.obj
c:\users\jack\documents\github\sdlgame\project1\release\lightcollection.obj
c:\users\jack\documents\github\sdlgame\project1\release\inventoryitem.obj
c:\users\jack\documents\github\sdlgame\project1\release\inventory.obj
c:\users\jack\documents\github\sdlgame\project1\release\glowstick.obj
c:\users\jack\documents\github\sdlgame\project1\release\flare.obj
c:\users\jack\documents\github\sdlgame\project1\release\explosion.obj
c:\users\jack\documents\github\sdlgame\project1\release\enemywalkercollection.obj
c:\users\jack\documents\github\sdlgame\project1\release\enemywalker.obj
c:\users\jack\documents\github\sdlgame\project1\release\enemydronecollection.obj
c:\users\jack\documents\github\sdlgame\project1\release\enemydrone.obj
c:\users\jack\documents\github\sdlgame\project1\release\grid.obj
c:\users\jack\documents\github\sdlgame\release\project1.pdb
c:\users\jack\documents\github\sdlgame\release\project1.exe
c:\users\jack\documents\github\sdlgame\project1\release\project1.tlog\cl.command.1.tlog
c:\users\jack\documents\github\sdlgame\project1\release\project1.tlog\cl.read.1.tlog
c:\users\jack\documents\github\sdlgame\project1\release\project1.tlog\cl.write.1.tlog
c:\users\jack\documents\github\sdlgame\project1\release\project1.tlog\link.command.1.tlog
c:\users\jack\documents\github\sdlgame\project1\release\project1.tlog\link.read.1.tlog
c:\users\jack\documents\github\sdlgame\project1\release\project1.tlog\link.write.1.tlog
