  Grid.cpp
c:\users\jack\documents\github\sdlgame\shipgame\grid.cpp(252): warning C4244: 'return': conversion from 'int' to 'float', possible loss of data
c:\users\jack\documents\github\sdlgame\shipgame\grid.cpp(377): warning C4018: '<': signed/unsigned mismatch
c:\users\jack\documents\github\sdlgame\shipgame\grid.cpp(567): warning C4018: '<': signed/unsigned mismatch
  Generating Code...
c:\users\jack\documents\github\sdlgame\shipgame\grid.cpp(678): warning C4715: 'Grid::setEnd': not all control paths return a value
  Compiling...
  main.cpp
  MainGame.cpp
c:\users\jack\documents\github\sdlgame\shipgame\maingame.cpp(78): warning C4305: '+=': truncation from 'double' to 'float'
c:\users\jack\documents\github\sdlgame\shipgame\maingame.cpp(120): warning C4244: 'argument': conversion from 'Sint32' to 'float', possible loss of data
c:\users\jack\documents\github\sdlgame\shipgame\maingame.cpp(154): warning C4244: 'argument': conversion from 'float' to 'int', possible loss of data
c:\users\jack\documents\github\sdlgame\shipgame\maingame.cpp(167): warning C4244: 'argument': conversion from 'float' to 'int', possible loss of data
c:\users\jack\documents\github\sdlgame\shipgame\maingame.cpp(170): warning C4244: 'argument': conversion from 'float' to 'int', possible loss of data
c:\users\jack\documents\github\sdlgame\shipgame\maingame.cpp(173): warning C4244: 'argument': conversion from 'float' to 'int', possible loss of data
c:\users\jack\documents\github\sdlgame\shipgame\maingame.cpp(176): warning C4244: 'argument': conversion from 'float' to 'int', possible loss of data
c:\users\jack\documents\github\sdlgame\shipgame\maingame.cpp(179): warning C4244: 'argument': conversion from 'float' to 'int', possible loss of data
c:\users\jack\documents\github\sdlgame\shipgame\maingame.cpp(187): warning C4244: 'argument': conversion from 'float' to 'int', possible loss of data
c:\users\jack\documents\github\sdlgame\shipgame\maingame.cpp(193): warning C4244: 'argument': conversion from 'float' to 'int', possible loss of data
  CrewMember.cpp
c:\users\jack\documents\github\sdlgame\shipgame\crewmember.cpp(7): warning C4244: '=': conversion from 'int' to 'float', possible loss of data
c:\users\jack\documents\github\sdlgame\shipgame\crewmember.cpp(8): warning C4244: '=': conversion from 'int' to 'float', possible loss of data
c:\users\jack\documents\github\sdlgame\shipgame\crewmember.cpp(67): warning C4244: 'argument': conversion from 'double' to 'int', possible loss of data
c:\users\jack\documents\github\sdlgame\shipgame\crewmember.cpp(69): warning C4244: 'argument': conversion from 'float' to 'int', possible loss of data
c:\users\jack\documents\github\sdlgame\shipgame\crewmember.cpp(89): warning C4244: 'argument': conversion from 'double' to 'int', possible loss of data
c:\users\jack\documents\github\sdlgame\shipgame\crewmember.cpp(91): warning C4244: 'argument': conversion from 'float' to 'int', possible loss of data
c:\users\jack\documents\github\sdlgame\shipgame\crewmember.cpp(109): warning C4244: 'argument': conversion from 'float' to 'int', possible loss of data
  Generating Code...
  shipGame.vcxproj -> C:\Users\jack\Documents\GitHub\SDLgame\Debug\shipGame.exe
  shipGame.vcxproj -> C:\Users\jack\Documents\GitHub\SDLgame\Debug\shipGame.pdb (Partial PDB)
